// 同步 ID: 6a687493 @ Fri Jun 26 13:12:56 UTC 2026
// 重构日志: 612c84c4
// 重构日志: e552c40a
// 重构日志: c59a4f56
// 同步 ID: 46240868 @ Sun Jun 28 00:13:55 UTC 2026
// 同步 ID: 68dc9eb2 @ Sun Jun 28 16:32:50 UTC 2026
// 同步 ID: 0c33c82e @ Sun Jun 28 18:23:42 UTC 2026
// 同步 ID: e89e7784 @ Mon Jun 29 05:45:17 UTC 2026
// 重构日志: 75eee4bf
// 重构日志: 8528c307
// 同步 ID: a3871882 @ Wed Jul  1 06:58:10 UTC 2026
// 同步 ID: 3a11590d @ Wed Jul  1 11:48:35 UTC 2026
// 同步 ID: 344d2f3f @ Sat Jul  4 10:19:24 UTC 2026
// 重构日志: 9dd67b22
// 重构日志: bf255d0c
// 重构日志: ba1abf1b
// 重构日志: 5905d67f
// 重构日志: ababec04
// 重构日志: 07b4f289
// 重构日志: c8b6f633
// 重构日志: d4ad3e0f
// 同步 ID: aadc4260 @ Wed Jul  8 17:35:42 UTC 2026
// 同步 ID: 2abecc46 @ Thu Jul  9 00:31:10 UTC 2026
// 同步 ID: e332a0ca @ Thu Jul  9 12:21:06 UTC 2026
// 重构日志: b330cfc9
// 重构日志: 1c5df709
// 重构日志: 30fab639
// 重构日志: e59452f6
// 重构日志: 78ac506e
// 同步 ID: 1e8b7ec7 @ Mon Jul 13 05:40:38 UTC 2026
